This file contains any messages produced by compilers while
running configure, to aid debugging if configure makes a mistake.

It was created by intercomTelephone configure 1.0, which was
generated by GNU Autoconf 2.69.  Invocation command line was

  $ /home/dig/nanoPiFire2A/repository/intercomTelephone/intercomTelefoon/configure --host=arm-none-linux-gnueabihf

## --------- ##
## Platform. ##
## --------- ##

hostname = dig-desktop
uname -m = x86_64
uname -r = 4.15.0-58-generic
uname -s = Linux
uname -v = #64-Ubuntu SMP Tue Aug 6 11:12:41 UTC 2019

/usr/bin/uname -p = unknown
/bin/uname -X     = unknown

/bin/arch              = unknown
/usr/bin/arch -k       = unknown
/usr/convex/getsysinfo = unknown
/usr/bin/hostinfo      = unknown
/bin/machine           = unknown
/usr/bin/oslevel       = unknown
/bin/universe          = unknown

PATH: /home/dig/nanoPiFire2A/tools/4.9.3/bin/
PATH: /usr/local/lib/nodejs/bin/
PATH: /home/dig/.local/bin
PATH: /home/dig/bin
PATH: /usr/local/sbin
PATH: /usr/local/bin
PATH: /usr/sbin
PATH: /usr/bin
PATH: /sbin
PATH: /bin
PATH: /usr/games
PATH: /usr/local/games
PATH: /snap/bin


## ----------- ##
## Core tests. ##
## ----------- ##

configure:1848: checking build system type
configure:1862: result: x86_64-pc-linux-gnu
configure:1882: checking host system type
configure:1895: result: arm-none-linux-gnueabihf
configure:1915: checking target system type
configure:1928: result: arm-none-linux-gnueabihf
configure:1971: checking for a BSD-compatible install
configure:2039: result: /usr/bin/install -c
configure:2050: checking whether build environment is sane
configure:2105: result: yes
configure:2164: checking for arm-none-linux-gnueabihf-strip
configure:2180: found /home/dig/nanoPiFire2A/tools/4.9.3/bin//arm-none-linux-gnueabihf-strip
configure:2191: result: arm-none-linux-gnueabihf-strip
configure:2256: checking for a thread-safe mkdir -p
configure:2295: result: /bin/mkdir -p
configure:2302: checking for gawk
configure:2318: found /usr/bin/gawk
configure:2329: result: gawk
configure:2340: checking whether make sets $(MAKE)
configure:2362: result: yes
configure:2391: checking whether make supports nested variables
configure:2408: result: yes
configure:2543: checking for arm-none-linux-gnueabihf-gcc
configure:2559: found /home/dig/nanoPiFire2A/tools/4.9.3/bin//arm-none-linux-gnueabihf-gcc
configure:2570: result: arm-none-linux-gnueabihf-gcc
configure:2839: checking for C compiler version
configure:2848: arm-none-linux-gnueabihf-gcc --version >&5
arm-none-linux-gnueabihf-gcc (ctng-1.21.0-229g-FA) 4.9.3
Copyright (C) 2015 Free Software Foundation, Inc.
This is free software; see the source for copying conditions.  There is NO
warranty; not even for MERCHANTABILITY or FITNESS FOR A PARTICULAR PURPOSE.

configure:2859: $? = 0
configure:2848: arm-none-linux-gnueabihf-gcc -v >&5
Using built-in specs.
COLLECT_GCC=arm-none-linux-gnueabihf-gcc
COLLECT_LTO_WRAPPER=/home/dig/nanoPiFire2A/tools/4.9.3/bin/../libexec/gcc/arm-cortexa9-linux-gnueabihf/4.9.3/lto-wrapper
Target: arm-cortexa9-linux-gnueabihf
Configured with: /work/toolchain/build/src/gcc-4.9.3/configure --build=x86_64-build_pc-linux-gnu --host=x86_64-build_pc-linux-gnu --target=arm-cortexa9-linux-gnueabihf --prefix=/opt/FriendlyARM/toolchain/4.9.3 --with-sysroot=/opt/FriendlyARM/toolchain/4.9.3/arm-cortexa9-linux-gnueabihf/sys-root --enable-languages=c,c++ --with-arch=armv7-a --with-tune=cortex-a9 --with-fpu=vfpv3 --with-float=hard --with-pkgversion=ctng-1.21.0-229g-FA --with-bugurl=http://www.friendlyarm.com/ --enable-__cxa_atexit --disable-libmudflap --disable-libgomp --disable-libssp --disable-libquadmath --disable-libquadmath-support --disable-libsanitizer --with-gmp=/work/toolchain/build/arm-cortexa9-linux-gnueabihf/buildtools --with-mpfr=/work/toolchain/build/arm-cortexa9-linux-gnueabihf/buildtools --with-mpc=/work/toolchain/build/arm-cortexa9-linux-gnueabihf/buildtools --with-isl=/work/toolchain/build/arm-cortexa9-linux-gnueabihf/buildtools --with-cloog=/work/toolchain/build/arm-cortexa9-linux-gnueabihf/buildtools --with-libelf=/work/toolchain/build/arm-cortexa9-linux-gnueabihf/buildtools --enable-lto --with-host-libstdcxx='-static-libgcc -Wl,-Bstatic,-lstdc++,-Bdynamic -lm' --enable-threads=posix --enable-linker-build-id --with-linker-hash-style=gnu --enable-plugin --enable-gold --disable-multilib --with-local-prefix=/opt/FriendlyARM/toolchain/4.9.3/arm-cortexa9-linux-gnueabihf/sys-root --enable-long-long
Thread model: posix
gcc version 4.9.3 (ctng-1.21.0-229g-FA) 
configure:2859: $? = 0
configure:2848: arm-none-linux-gnueabihf-gcc -V >&5
arm-none-linux-gnueabihf-gcc: error: unrecognized command line option '-V'
arm-none-linux-gnueabihf-gcc: fatal error: no input files
compilation terminated.
configure:2859: $? = 1
configure:2848: arm-none-linux-gnueabihf-gcc -qversion >&5
arm-none-linux-gnueabihf-gcc: error: unrecognized command line option '-qversion'
arm-none-linux-gnueabihf-gcc: fatal error: no input files
compilation terminated.
configure:2859: $? = 1
configure:2879: checking whether the C compiler works
configure:2901: arm-none-linux-gnueabihf-gcc    conftest.c  >&5
configure:2905: $? = 0
configure:2953: result: yes
configure:2956: checking for C compiler default output file name
configure:2958: result: a.out
configure:2964: checking for suffix of executables
configure:2971: arm-none-linux-gnueabihf-gcc -o conftest    conftest.c  >&5
configure:2975: $? = 0
configure:2997: result: 
configure:3019: checking whether we are cross compiling
configure:3027: arm-none-linux-gnueabihf-gcc -o conftest    conftest.c  >&5
configure:3031: $? = 0
configure:3038: ./conftest
/lib/ld-linux-armhf.so.3: No such file or directory
configure:3042: $? = 255
configure:3057: result: yes
configure:3062: checking for suffix of object files
configure:3084: arm-none-linux-gnueabihf-gcc -c   conftest.c >&5
configure:3088: $? = 0
configure:3109: result: o
configure:3113: checking whether we are using the GNU C compiler
configure:3132: arm-none-linux-gnueabihf-gcc -c   conftest.c >&5
configure:3132: $? = 0
configure:3141: result: yes
configure:3150: checking whether arm-none-linux-gnueabihf-gcc accepts -g
configure:3170: arm-none-linux-gnueabihf-gcc -c -g  conftest.c >&5
configure:3170: $? = 0
configure:3211: result: yes
configure:3228: checking for arm-none-linux-gnueabihf-gcc option to accept ISO C89
configure:3291: arm-none-linux-gnueabihf-gcc  -c -g -O2  conftest.c >&5
configure:3291: $? = 0
configure:3304: result: none needed
configure:3329: checking whether arm-none-linux-gnueabihf-gcc understands -c and -o together
configure:3351: arm-none-linux-gnueabihf-gcc -c conftest.c -o conftest2.o
configure:3354: $? = 0
configure:3351: arm-none-linux-gnueabihf-gcc -c conftest.c -o conftest2.o
configure:3354: $? = 0
configure:3366: result: yes
configure:3394: checking for style of include used by make
configure:3422: result: GNU
configure:3448: checking dependency style of arm-none-linux-gnueabihf-gcc
configure:3559: result: gcc3
configure:3722: checking that generated files are newer than configure
configure:3728: result: done
configure:3751: creating ./config.status

## ---------------------- ##
## Running config.status. ##
## ---------------------- ##

This file was extended by intercomTelephone config.status 1.0, which was
generated by GNU Autoconf 2.69.  Invocation command line was

  CONFIG_FILES    = 
  CONFIG_HEADERS  = 
  CONFIG_LINKS    = 
  CONFIG_COMMANDS = 
  $ ./config.status 

on dig-desktop

config.status:786: creating Makefile
config.status:786: creating src/Makefile
config.status:943: executing depfiles commands

## ---------------- ##
## Cache variables. ##
## ---------------- ##

ac_cv_build=x86_64-pc-linux-gnu
ac_cv_c_compiler_gnu=yes
ac_cv_env_CC_set=
ac_cv_env_CC_value=
ac_cv_env_CFLAGS_set=
ac_cv_env_CFLAGS_value=
ac_cv_env_CPPFLAGS_set=
ac_cv_env_CPPFLAGS_value=
ac_cv_env_LDFLAGS_set=
ac_cv_env_LDFLAGS_value=
ac_cv_env_LIBS_set=
ac_cv_env_LIBS_value=
ac_cv_env_build_alias_set=
ac_cv_env_build_alias_value=
ac_cv_env_host_alias_set=set
ac_cv_env_host_alias_value=arm-none-linux-gnueabihf
ac_cv_env_target_alias_set=
ac_cv_env_target_alias_value=
ac_cv_host=arm-none-linux-gnueabihf
ac_cv_objext=o
ac_cv_path_install='/usr/bin/install -c'
ac_cv_path_mkdir=/bin/mkdir
ac_cv_prog_AWK=gawk
ac_cv_prog_CC=arm-none-linux-gnueabihf-gcc
ac_cv_prog_STRIP=arm-none-linux-gnueabihf-strip
ac_cv_prog_cc_c89=
ac_cv_prog_cc_g=yes
ac_cv_prog_make_make_set=yes
ac_cv_target=arm-none-linux-gnueabihf
am_cv_CC_dependencies_compiler_type=gcc3
am_cv_make_support_nested_variables=yes
am_cv_prog_cc_c_o=yes

## ----------------- ##
## Output variables. ##
## ----------------- ##

ACLOCAL='${SHELL} /home/dig/nanoPiFire2A/repository/intercomTelephone/intercomTelefoon/missing aclocal-1.15'
AMDEPBACKSLASH='\'
AMDEP_FALSE='#'
AMDEP_TRUE=''
AMTAR='$${TAR-tar}'
AM_BACKSLASH='\'
AM_DEFAULT_V='$(AM_DEFAULT_VERBOSITY)'
AM_DEFAULT_VERBOSITY='1'
AM_V='$(V)'
AUTOCONF='${SHELL} /home/dig/nanoPiFire2A/repository/intercomTelephone/intercomTelefoon/missing autoconf'
AUTOHEADER='${SHELL} /home/dig/nanoPiFire2A/repository/intercomTelephone/intercomTelefoon/missing autoheader'
AUTOMAKE='${SHELL} /home/dig/nanoPiFire2A/repository/intercomTelephone/intercomTelefoon/missing automake-1.15'
AWK='gawk'
CC='arm-none-linux-gnueabihf-gcc'
CCDEPMODE='depmode=gcc3'
CFLAGS='-g -O2'
CPPFLAGS=''
CYGPATH_W='echo'
DEFS='-DPACKAGE_NAME=\"intercomTelephone\" -DPACKAGE_TARNAME=\"intercomtelephone\" -DPACKAGE_VERSION=\"1.0\" -DPACKAGE_STRING=\"intercomTelephone\ 1.0\" -DPACKAGE_BUGREPORT=\"\" -DPACKAGE_URL=\"\" -DPACKAGE=\"intercomtelephone\" -DVERSION=\"1.0\"'
DEPDIR='.deps'
ECHO_C=''
ECHO_N='-n'
ECHO_T=''
EXEEXT=''
INSTALL_DATA='${INSTALL} -m 644'
INSTALL_PROGRAM='${INSTALL}'
INSTALL_SCRIPT='${INSTALL}'
INSTALL_STRIP_PROGRAM='$(install_sh) -c -s'
LDFLAGS=''
LIBOBJS=''
LIBS=''
LTLIBOBJS=''
MAKEINFO='${SHELL} /home/dig/nanoPiFire2A/repository/intercomTelephone/intercomTelefoon/missing makeinfo'
MKDIR_P='/bin/mkdir -p'
OBJEXT='o'
PACKAGE='intercomtelephone'
PACKAGE_BUGREPORT=''
PACKAGE_NAME='intercomTelephone'
PACKAGE_STRING='intercomTelephone 1.0'
PACKAGE_TARNAME='intercomtelephone'
PACKAGE_URL=''
PACKAGE_VERSION='1.0'
PATH_SEPARATOR=':'
SET_MAKE=''
SHELL='/bin/bash'
STRIP='arm-none-linux-gnueabihf-strip'
VERSION='1.0'
ac_ct_CC=''
am__EXEEXT_FALSE=''
am__EXEEXT_TRUE='#'
am__fastdepCC_FALSE='#'
am__fastdepCC_TRUE=''
am__include='include'
am__isrc=' -I$(srcdir)'
am__leading_dot='.'
am__nodep='_no'
am__quote=''
am__tar='$${TAR-tar} chof - "$$tardir"'
am__untar='$${TAR-tar} xf -'
bindir='${exec_prefix}/bin'
build='x86_64-pc-linux-gnu'
build_alias=''
build_cpu='x86_64'
build_os='linux-gnu'
build_vendor='pc'
datadir='${datarootdir}'
datarootdir='${prefix}/share'
docdir='${datarootdir}/doc/${PACKAGE_TARNAME}'
dvidir='${docdir}'
exec_prefix='${prefix}'
host='arm-none-linux-gnueabihf'
host_alias='arm-none-linux-gnueabihf'
host_cpu='arm'
host_os='linux-gnueabihf'
host_vendor='none'
htmldir='${docdir}'
includedir='${prefix}/include'
infodir='${datarootdir}/info'
install_sh='${SHELL} /home/dig/nanoPiFire2A/repository/intercomTelephone/intercomTelefoon/install-sh'
libdir='${exec_prefix}/lib'
libexecdir='${exec_prefix}/libexec'
localedir='${datarootdir}/locale'
localstatedir='${prefix}/var'
mandir='${datarootdir}/man'
mkdir_p='$(MKDIR_P)'
oldincludedir='/usr/include'
pdfdir='${docdir}'
prefix='/usr/local'
program_transform_name='s,x,x,'
psdir='${docdir}'
runstatedir='${localstatedir}/run'
sbindir='${exec_prefix}/sbin'
sharedstatedir='${prefix}/com'
sysconfdir='${prefix}/etc'
target='arm-none-linux-gnueabihf'
target_alias=''
target_cpu='arm'
target_os='linux-gnueabihf'
target_vendor='none'

## ----------- ##
## confdefs.h. ##
## ----------- ##

/* confdefs.h */
#define PACKAGE_NAME "intercomTelephone"
#define PACKAGE_TARNAME "intercomtelephone"
#define PACKAGE_VERSION "1.0"
#define PACKAGE_STRING "intercomTelephone 1.0"
#define PACKAGE_BUGREPORT ""
#define PACKAGE_URL ""
#define PACKAGE "intercomtelephone"
#define VERSION "1.0"

configure: exit 0
